
Log started (V22.1.0.0) Thu Jul 13 12:31:07 2023

New value for mixed integer solutions limit: 1
New value for time limit in seconds: 3600
New value for default parallel thread count: 1

Problem 'C:\Users\Mathis\AppData\Local\Temp\tmpjtqe7d7r.pyomo.lp' read.
Read time = 0.09 sec. (8.98 ticks)

Problem name         : C:\Users\Mathis\AppData\Local\Temp\tmpjtqe7d7r.pyomo.lp
Objective sense      : Minimize
Variables            :   52477  [Nneg: 9641,  Binary: 42836]
Objective nonzeros   :   12498
Linear constraints   :   65371  [Less: 62670,  Greater: 630,  Equal: 2071]
  Nonzeros           :  315163
  RHS nonzeros       :   56056

Variables            : Min LB: 0.000000         Max UB: 1.000000       
Objective nonzeros   : Min   : 1.000000         Max   : 603729.0       
Linear constraints   :
  Nonzeros           : Min   : 0.2192982        Max   : 10000.00       
  RHS nonzeros       : Min   : 1.000000         Max   : 10000.00       
Version identifier: 22.1.0.0 | 2022-03-09 | 1a383f8ce
CPXPARAM_Threads                                 1
CPXPARAM_MIP_Limits_Solutions                    1
CPXPARAM_TimeLimit                               3600
Tried aggregator 3 times.
MIP Presolve eliminated 17512 rows and 7540 columns.
MIP Presolve modified 139328 coefficients.
Aggregator did 205 substitutions.
Reduced MIP has 47654 rows, 44732 columns, and 233994 nonzeros.
Reduced MIP has 35466 binaries, 0 generals, 0 SOSs, and 0 indicators.
Presolve time = 0.39 sec. (408.32 ticks)
Probing fixed 298 vars, tightened 574 bounds.
Probing time = 1.00 sec. (727.13 ticks)
Cover probing fixed 0 vars, tightened 87 bounds.
Tried aggregator 2 times.
Detecting symmetries...
MIP Presolve eliminated 1686 rows and 1678 columns.
MIP Presolve modified 16234 coefficients.
Aggregator did 4 substitutions.
Reduced MIP has 45964 rows, 43050 columns, and 227608 nonzeros.
Reduced MIP has 35154 binaries, 206 generals, 0 SOSs, and 0 indicators.
Presolve time = 0.36 sec. (335.99 ticks)
Probing fixed 99 vars, tightened 379 bounds.
Probing time = 0.78 sec. (330.07 ticks)
Cover probing fixed 0 vars, tightened 132 bounds.
Clique table members: 124748.
Tightened 51 constraints.
MIP emphasis: balance optimality and feasibility.
MIP search method: dynamic search.
Parallel mode: none, using 1 thread.
Root relaxation solution time = 6.11 sec. (8767.36 ticks)

        Nodes                                         Cuts/
   Node  Left     Objective  IInf  Best Integer    Best Bound    ItCnt     Gap

      0     0   1.21857e+07   717                 1.21857e+07    28599         
      0     0   1.21857e+07   737                  Cuts: 1988    34468         
      0     0   1.21857e+07   515                   Cuts: 142    35594         
      0     0   1.21857e+07   631                  Cuts: 1084    37619         
Detecting symmetries...
      0     2   1.21857e+07   322                 1.21857e+07    37619         
Elapsed time = 44.02 sec. (57350.27 ticks, tree = 0.01 MB, solutions = 0)
      1     3   1.21857e+07   543                 1.21857e+07    49479         
      2     4   1.21857e+07   447                 1.21857e+07    51598         
      4     6   1.21857e+07   394                 1.21857e+07    51948         
      7     9   1.21857e+07   537                 1.21857e+07    57446         
      9    11   1.21857e+07   392                 1.21857e+07    59048         
     10    12   1.21857e+07   366                 1.21857e+07    60751         
     12    14   1.21857e+07   361                 1.21857e+07    61031         
     16    18   1.21857e+07   357                 1.21857e+07    61557         
     19    21   1.21857e+07   375                 1.21857e+07    62334         
     20    22   1.21857e+07   370                 1.21857e+07    62503         
Elapsed time = 56.81 sec. (71706.52 ticks, tree = 0.35 MB, solutions = 0)
     29    29   1.21857e+07   374                 1.21857e+07    67676         
     33    33   1.21857e+07   369                 1.21857e+07    73859         
     50    44    infeasible                       1.21857e+07    76560         
     52    44    infeasible                       1.21857e+07    87006         
     56    48   1.21857e+07   320                 1.21857e+07    88537         
     62    54   1.22618e+07   366                 1.21857e+07    98089         
     65    57   1.22732e+07   432                 1.21857e+07   114135         
     68    60   1.22690e+07   374                 1.21857e+07   118784         
     70    62   1.21857e+07   300                 1.21857e+07   119728         
     71    63   1.22913e+07   457                 1.21857e+07   128906         
Elapsed time = 77.00 sec. (94150.09 ticks, tree = 1.16 MB, solutions = 0)
     73    65   1.22881e+07   412                 1.21857e+07   135205         
     75    67   1.22049e+07   349                 1.21857e+07   138053         
     77    69   1.22494e+07   484                 1.21857e+07   145617         
     80    72   1.21857e+07   316                 1.21857e+07   146362         
     84    76   1.22327e+07   400                 1.21857e+07   152147         
     90    82   1.21857e+07   306                 1.21857e+07   153597         
     91    83   1.22578e+07   381                 1.21857e+07   157538         
     93    85   1.22668e+07   380                 1.21857e+07   163652         
     95    87   1.22308e+07   467                 1.21857e+07   173520         
     97    89   1.22428e+07   377                 1.21857e+07   177179         
Elapsed time = 100.70 sec. (120015.53 ticks, tree = 5.96 MB, solutions = 0)
    100    92   1.21857e+07   314                 1.21857e+07   179553         
    104    96   1.21857e+07   309                 1.21857e+07   181801         
    106    98   1.23689e+07   378                 1.21857e+07   185056         
    108   100   1.24015e+07   386                 1.21857e+07   190669         
    114   106   1.22883e+07   379                 1.21857e+07   201071         
    117   109   1.22390e+07   435                 1.21857e+07   212257         
    118   110   1.21857e+07   353                 1.21857e+07   214780         
    119   111   1.23103e+07   360                 1.21857e+07   217654         
    125   117   1.21864e+07   339                 1.21857e+07   219522         
    130   122   1.21857e+07   325                 1.21857e+07   220868         
Elapsed time = 119.49 sec. (141467.81 ticks, tree = 12.67 MB, solutions = 0)
    133   125   1.23165e+07   444                 1.21857e+07   229326         
    138   130   1.22410e+07   380                 1.21857e+07   232760         
    147   139   1.21857e+07   322                 1.21857e+07   234725         
    149   141   1.22890e+07   353                 1.21857e+07   238929         
    154   146   1.22573e+07   344                 1.21857e+07   243605         
    156   148   1.23115e+07   364                 1.21857e+07   248331         
    160   152   1.21857e+07   319                 1.21857e+07   249706         
    163   155   1.22291e+07   362                 1.21857e+07   251982         
    165   157   1.22905e+07   382                 1.21857e+07   254998         
    168   160   1.22668e+07   401                 1.21857e+07   259560         
Elapsed time = 137.42 sec. (161032.36 ticks, tree = 25.54 MB, solutions = 0)
    172   164   1.22913e+07   364                 1.21857e+07   263290         
    186   178   1.22274e+07   346                 1.21857e+07   266142         
    188   180   1.23669e+07   386                 1.21857e+07   269098         
    195   187   1.22700e+07   347                 1.21857e+07   271321         
    204   196   1.21857e+07   311                 1.21857e+07   273042         
    208   200   1.23000e+07   345                 1.21857e+07   277329         
    225   217   1.22063e+07   320                 1.21857e+07   279250         
    230   222   1.22532e+07   352                 1.21857e+07   282513         
    243   235   1.21857e+07   309                 1.21857e+07   284161         
    251   243   1.21857e+07   322                 1.21857e+07   286231         
Elapsed time = 147.97 sec. (173514.03 ticks, tree = 56.39 MB, solutions = 0)
    252   244   1.23792e+07   424                 1.21857e+07   290839         
    256   248   1.21857e+07   311                 1.21857e+07   293094         
    263   253   1.22511e+07   357                 1.21857e+07   296331         
    266   256   1.22156e+07   364                 1.21857e+07   299142         
    272   262   1.22900e+07   364                 1.21857e+07   303241         
    280   270   1.21857e+07   330                 1.21857e+07   305386         
    285   275   1.21912e+07   358                 1.21857e+07   308189         
    290   280   1.22224e+07   380                 1.21857e+07   312840         
    294   284   1.22076e+07   367                 1.21857e+07   315771         
    300   290   1.21857e+07   331                 1.21857e+07   316022         
Elapsed time = 163.72 sec. (189816.54 ticks, tree = 74.46 MB, solutions = 0)
    306   296   1.22186e+07   379                 1.21857e+07   320403         
    312   302   1.21992e+07   358                 1.21857e+07   323351         
    317   307   1.21857e+07   327                 1.21857e+07   325553         
    318   308   1.22691e+07   369                 1.21857e+07   329487         
    320   310   1.22165e+07   347                 1.21857e+07   330633         
    325   315   1.21936e+07   357                 1.21857e+07   333275         
    330   320   1.21857e+07   333                 1.21857e+07   335682         
    331   321   1.22914e+07   389                 1.21857e+07   339425         
    335   325   1.23242e+07   347                 1.21857e+07   342091         
    341   331   1.22030e+07   354                 1.21857e+07   344733         
Elapsed time = 176.44 sec. (204219.88 ticks, tree = 89.89 MB, solutions = 0)
    348   338   1.21911e+07   355                 1.21857e+07   346883         
    352   342   1.22629e+07   354                 1.21857e+07   349512         
    354   344   1.22156e+07   363                 1.21857e+07   353060         
    356   346   1.23250e+07   368                 1.21857e+07   355455         
    363   353   1.22550e+07   382                 1.21857e+07   358798         
    367   357   1.21857e+07   333                 1.21857e+07   361281         
    375   365   1.22369e+07   388                 1.21857e+07   365439         
    379   369   1.23228e+07   353                 1.21857e+07   368229         
    383   373   1.22049e+07   377                 1.21857e+07   371184         
    386   376   1.21946e+07   352                 1.21857e+07   373121         
Elapsed time = 187.59 sec. (217208.19 ticks, tree = 106.82 MB, solutions = 0)
    391   381   1.22165e+07   388                 1.21857e+07   375814         
    394   384   1.22483e+07   386                 1.21857e+07   378325         
    403   393   1.21857e+07   332                 1.21857e+07   380172         
    411   401   1.22165e+07   366                 1.21857e+07   383352         
    414   404   1.23198e+07   376                 1.21857e+07   386982         
    416   406   1.22860e+07   401                 1.21857e+07   390950         
    418   408   1.22012e+07   363                 1.21857e+07   393148         
    420   410   1.22428e+07   371                 1.21857e+07   397191         
    422   412   1.23475e+07   389                 1.21857e+07   400342         
    432   422   1.22900e+07   410                 1.21857e+07   409632         
Elapsed time = 203.81 sec. (235549.81 ticks, tree = 124.13 MB, solutions = 0)
    447   437   1.22420e+07   342                 1.21857e+07   418936         
    457   447   1.22332e+07   363                 1.21857e+07   429481         
    460   450   1.22274e+07   385                 1.21857e+07   432673         
    470   460   1.22516e+07   417                 1.21857e+07   443538         
    488   478   1.23026e+07   368                 1.21857e+07   450977         
    508   498   1.21930e+07   356                 1.21857e+07   459853         
    532   522   1.22210e+07   369                 1.21857e+07   467087         
    547   537   1.22578e+07   368                 1.21857e+07   478215         
    560   550   1.23543e+07   396                 1.21857e+07   488284         
    569   559   1.22483e+07   369                 1.21857e+07   497652         
Elapsed time = 243.41 sec. (279128.37 ticks, tree = 175.70 MB, solutions = 0)
    580   570   1.21857e+07   331                 1.21857e+07   506106         
    597   587   1.22518e+07   374                 1.21857e+07   516730         
    613   603   1.23499e+07   404                 1.21857e+07   527545         
    625   615   1.22077e+07   362                 1.21857e+07   537332         
    634   624   1.23076e+07   392                 1.21857e+07   547364         
    654   644   1.23944e+07   365                 1.21857e+07   557970         
    679   669   1.21989e+07   350                 1.21857e+07   567277         
    695   685   1.21858e+07   311                 1.21857e+07   569539         
    712   702   1.22633e+07   364                 1.21857e+07   578122         
    724   714   1.21927e+07   340                 1.21857e+07   587542         
Elapsed time = 284.99 sec. (325509.91 ticks, tree = 234.04 MB, solutions = 0)
    742   732   1.21858e+07   303                 1.21857e+07   596516         
    760   750   1.21858e+07   290                 1.21857e+07   602764         
    781   771   1.23163e+07   358                 1.21857e+07   613449         
    795   785   1.21858e+07   294                 1.21857e+07   622227         
    816   806   1.21858e+07   310                 1.21857e+07   628202         
    838   828   1.21858e+07   311                 1.21857e+07   637095         
    857   847   1.21935e+07   317                 1.21857e+07   645350         
    866   856   1.21899e+07   331                 1.21857e+07   656036         
    881   871   1.21859e+07   346                 1.21857e+07   664530         
    904   894   1.22372e+07   353                 1.21857e+07   673016         
Elapsed time = 325.83 sec. (369392.43 ticks, tree = 301.79 MB, solutions = 0)
    920   910   1.21858e+07   301                 1.21857e+07   678972         
    947   937   1.21858e+07   303                 1.21857e+07   686714         
    974   962   1.25060e+07   367                 1.21857e+07   695100         
    997   985   1.27741e+07   378                 1.21857e+07   705389         
   1005   993   1.23029e+07   355                 1.21857e+07   710036         
   1029  1017   1.21948e+07   337                 1.21857e+07   718126         
   1046  1032   1.23163e+07   333                 1.21857e+07   727144         
   1060  1046   1.21877e+07   333                 1.21857e+07   735247         
   1074  1060   1.22113e+07   356                 1.21857e+07   746136         
   1086  1072   1.22618e+07   369                 1.21857e+07   754461         
Elapsed time = 369.99 sec. (413739.80 ticks, tree = 368.85 MB, solutions = 0)
   1094  1080   1.22409e+07   337                 1.21857e+07   764534         
   1111  1095   1.22318e+07   370                 1.21857e+07   772569         
   1120  1104   1.21858e+07   307                 1.21857e+07   774787         
   1144  1128   1.24422e+07   327                 1.21857e+07   783121         
   1154  1138   1.22810e+07   376                 1.21857e+07   792167         
   1165  1149   1.22898e+07   353                 1.21857e+07   801208         
   1173  1157   1.21870e+07   332                 1.21857e+07   809396         
   1185  1169   1.25446e+07   434                 1.21857e+07   819037         
   1197  1181   1.23242e+07   346                 1.21857e+07   827903         
   1200  1184   1.22170e+07   334                 1.21857e+07   829389         
Elapsed time = 413.75 sec. (460702.08 ticks, tree = 411.01 MB, solutions = 0)
   1205  1189   1.23406e+07   354                 1.21857e+07   841073         
   1213  1197   1.22328e+07   327                 1.21857e+07   851166         
   1229  1213   1.21858e+07   329                 1.21857e+07   858268         
   1248  1232   1.23467e+07   385                 1.21857e+07   866043         
   1274  1258   1.22179e+07   355                 1.21857e+07   875633         
   1283  1267   1.22074e+07   338                 1.21857e+07   883743         
   1294  1278   1.21863e+07   332                 1.21857e+07   892323         
   1311  1295   1.21858e+07   295                 1.21857e+07   900258         
   1326  1310   1.21931e+07   334                 1.21857e+07   908872         
   1343  1327   1.23050e+07   343                 1.21857e+07   917059         
Elapsed time = 452.03 sec. (504113.75 ticks, tree = 464.86 MB, solutions = 0)
   1347  1331   1.22234e+07   355                 1.21857e+07   927276         
   1358  1342   1.24340e+07   362                 1.21857e+07   937142         
   1367  1351   1.25269e+07   349                 1.21857e+07   950481         
   1374  1358   1.25269e+07   346                 1.21857e+07   961553         
   1383  1367   1.22496e+07   314                 1.21857e+07   972026         
   1397  1381   1.27913e+07   359                 1.21857e+07   981830         
   1409  1393   1.22301e+07   332                 1.21857e+07   991548         
   1422  1406   1.22685e+07   342                 1.21857e+07  1001177         
   1430  1414   1.22055e+07   338                 1.21857e+07  1009884         
   1440  1424   1.21858e+07   301                 1.21857e+07  1015366         
Elapsed time = 491.47 sec. (549607.30 ticks, tree = 499.94 MB, solutions = 0)
   1458  1438   1.23144e+07   309                 1.21857e+07  1024081         
   1471  1451   1.22029e+07   309                 1.21857e+07  1031224         
   1477  1457   1.22255e+07   328                 1.21857e+07  1040875         
   1498  1478   1.21858e+07   308                 1.21857e+07  1047980         
   1512  1490   1.22672e+07   358                 1.21857e+07  1056394         
   1519  1497   1.22227e+07   326                 1.21857e+07  1064035         
   1533  1511   1.22776e+07   341                 1.21857e+07  1074125         
   1543  1521   1.23530e+07   396                 1.21857e+07  1081972         
   1565  1541   1.21858e+07   271                 1.21857e+07  1089827         
   1579  1553   1.21858e+07   280                 1.21857e+07  1099239         
Elapsed time = 526.81 sec. (591380.04 ticks, tree = 548.89 MB, solutions = 0)
   1596  1568   1.25919e+07   339                 1.21857e+07  1112548         
   1606  1576   1.22083e+07   298                 1.21857e+07  1117526         
   1615  1585   1.24209e+07   354                 1.21857e+07  1126696         
   1629  1599   1.23587e+07   329                 1.21857e+07  1139475         
   1638  1608   1.22898e+07   313                 1.21857e+07  1150708         
   1676  1646   1.22342e+07   349                 1.21857e+07  1157501         
   1681  1651   1.22179e+07   339                 1.21857e+07  1167428         
   1693  1663   1.21888e+07   271                 1.21857e+07  1174446         
   1725  1695   1.21858e+07   264                 1.21857e+07  1181397         
   1747  1717   1.22342e+07   292                 1.21857e+07  1191023         
Elapsed time = 567.36 sec. (640471.06 ticks, tree = 610.67 MB, solutions = 0)
   1757  1727   1.21933e+07   298                 1.21857e+07  1199414         
   1761  1731   1.22712e+07   295                 1.21857e+07  1205001         
   1771  1741   1.22299e+07   263                 1.21857e+07  1211910         
   1775  1745   1.23255e+07   286                 1.21857e+07  1227774         
   1788  1758   1.22307e+07   289                 1.21857e+07  1234663         
   1796  1766   1.22373e+07   301                 1.21857e+07  1243669         
   1812  1782   1.22629e+07   270                 1.21857e+07  1253620         
   1833  1799   1.21858e+07   207                 1.21857e+07  1260199         
   1843  1807   1.21996e+07   242                 1.21857e+07  1264869         
   1858  1820   1.21858e+07   225                 1.21857e+07  1271913         
Elapsed time = 605.72 sec. (685094.77 ticks, tree = 647.34 MB, solutions = 0)
   1865  1827   1.25570e+07   278                 1.21857e+07  1284843         
   1871  1833   1.21858e+07   210                 1.21857e+07  1291930         
   1893  1851   1.22112e+07   242                 1.21857e+07  1299269         
   1902  1860   1.22810e+07   313                 1.21857e+07  1306711         
   1907  1865   1.22102e+07   279                 1.21857e+07  1316151         
   1920  1876   1.21858e+07   214                 1.21857e+07  1317779         
   1938  1892   1.22886e+07   261                 1.21857e+07  1325048         
   1943  1897   1.23308e+07   271                 1.21857e+07  1334878         
   1961  1915   1.21858e+07   217                 1.21857e+07  1342163         
   1970  1924   1.21858e+07   187                 1.21857e+07  1349512         
Elapsed time = 645.39 sec. (733089.71 ticks, tree = 686.53 MB, solutions = 0)
   1979  1933   1.21858e+07   219                 1.21857e+07  1356958         
   1997  1951   1.21909e+07   215                 1.21857e+07  1365020         
   2000  1954   1.21858e+07   191                 1.21857e+07  1365087         
   2017  1971   1.21962e+07   268                 1.21857e+07  1375068         
   2023  1977   1.22307e+07   220                 1.21857e+07  1386334         
   2033  1987   1.21858e+07   191                 1.21857e+07  1393769         
   2045  1999   1.21858e+07   221                 1.21857e+07  1403462         
   2050  2004   1.22644e+07   248                 1.21857e+07  1411844         
   2057  2011   1.22011e+07   212                 1.21857e+07  1420741         
   2082  2036   1.21858e+07   192                 1.21857e+07  1427508         
Elapsed time = 681.77 sec. (779128.47 ticks, tree = 728.75 MB, solutions = 0)
   2097  2051   1.21858e+07   197                 1.21857e+07  1435545         
   2111  2065   1.21902e+07   206                 1.21857e+07  1442765         
   2139  2093   1.22045e+07   208                 1.21857e+07  1451278         
   2149  2103   1.22077e+07   226                 1.21857e+07  1461234         
   2152  2106   1.24236e+07   253                 1.21857e+07  1469403         
   2163  2117   1.22775e+07   206                 1.21857e+07  1477662         
   2167  2121   1.21935e+07   223                 1.21857e+07  1487933         
   2176  2130   1.21859e+07   192                 1.21857e+07  1497501         
   2180  2134   1.21858e+07   171                 1.21857e+07  1505530         
   2187  2141   1.22466e+07   236                 1.21857e+07  1517734         
Elapsed time = 724.19 sec. (829121.52 ticks, tree = 768.07 MB, solutions = 0)
   2192  2146   1.21858e+07   169                 1.21857e+07  1524535         
   2202  2156   1.21859e+07   198                 1.21857e+07  1534924         
   2211  2165   1.21869e+07   165                 1.21857e+07  1542175         
   2232  2186   1.22431e+07   183                 1.21857e+07  1550820         
   2239  2193   1.21870e+07   202                 1.21857e+07  1561137         
   2245  2199   1.21870e+07   163                 1.21857e+07  1568049         
   2253  2207   1.22077e+07   162                 1.21857e+07  1579121         
   2265  2219   1.22155e+07   190                 1.21857e+07  1592877         
   2267  2221   1.22795e+07   221                 1.21857e+07  1600306         
   2277  2231   1.21869e+07   162                 1.21857e+07  1610887         
Elapsed time = 764.45 sec. (879862.32 ticks, tree = 797.02 MB, solutions = 0)
   2279  2233   1.22627e+07   221                 1.21857e+07  1618040         
   2287  2241   1.23171e+07   202                 1.21857e+07  1625859         
   2292  2246   1.21869e+07   156                 1.21857e+07  1638220         
   2295  2249   1.22185e+07   218                 1.21857e+07  1648399         
   2300  2254   1.21869e+07   171                 1.21857e+07  1655760         
   2317  2271   1.21869e+07   152                 1.21857e+07  1664476         
   2322  2276   1.21869e+07   150                 1.21857e+07  1672283         
   2327  2281   1.21978e+07   218                 1.21857e+07  1682628         
   2331  2285   1.21869e+07   149                 1.21857e+07  1691062         
   2337  2291   1.21870e+07   190                 1.21857e+07  1698836         
Elapsed time = 806.16 sec. (929356.20 ticks, tree = 810.76 MB, solutions = 0)
   2341  2295   1.21907e+07   200                 1.21857e+07  1707081         
   2349  2303   1.21869e+07   136                 1.21857e+07  1713484         
   2354  2308   1.21953e+07   188                 1.21857e+07  1725830         
   2365  2319   1.22924e+07   208                 1.21857e+07  1738605         
   2367  2321   1.22798e+07   180                 1.21857e+07  1746558         
   2374  2328   1.21871e+07   157                 1.21857e+07  1757195         
   2379  2333   1.22574e+07   206                 1.21857e+07  1772790         
   2381  2335   1.21899e+07   165                 1.21857e+07  1779961         
   2386  2340   1.22586e+07   242                 1.21857e+07  1789157         
   2392  2346   1.22694e+07   190                 1.21857e+07  1797268         
Elapsed time = 851.83 sec. (985252.42 ticks, tree = 826.52 MB, solutions = 0)
   2400  2354   1.23655e+07   249                 1.21857e+07  1807180         
   2410  2364   1.21869e+07   147                 1.21857e+07  1819426         
   2420  2374   1.22091e+07   162                 1.21857e+07  1828282         
   2424  2378   1.22163e+07   210                 1.21857e+07  1837848         
   2434  2388   1.21869e+07   131                 1.21857e+07  1849481         
   2448  2402   1.22340e+07   186                 1.21857e+07  1869100         
   2458  2412   1.22069e+07   243                 1.21857e+07  1880954         
   2464  2418   1.21869e+07   144                 1.21857e+07  1890788         
   2470  2424   1.22383e+07   215                 1.21857e+07  1902774         
   2477  2431   1.21870e+07   157                 1.21857e+07  1910202         
Elapsed time = 901.22 sec. (1044775.58 ticks, tree = 853.95 MB, solutions = 0)
   2488  2442   1.21869e+07   139                 1.21857e+07  1919423         
   2496  2450   1.22205e+07   203                 1.21857e+07  1928863         
   2500  2454   1.21870e+07   155                 1.21857e+07  1935251         
   2510  2464   1.21869e+07   116                 1.21857e+07  1945135         
   2517  2471   1.21870e+07   213                 1.21857e+07  1954965         
   2528  2482   1.22155e+07   134                 1.21857e+07  1963074         
   2541  2495   1.22032e+07   153                 1.21857e+07  1978088         
   2547  2501   1.22089e+07   149                 1.21857e+07  1987068         
   2553  2507   1.21870e+07   141                 1.21857e+07  1998785         
   2568  2522   1.21870e+07   163                 1.21857e+07  2008737         
Elapsed time = 939.33 sec. (1094310.52 ticks, tree = 884.01 MB, solutions = 0)
   2587  2541   1.23238e+07   198                 1.21857e+07  2016676         
   2592  2546   1.21870e+07   150                 1.21857e+07  2025173         
   2596  2550   1.22222e+07   104                 1.21857e+07  2033194         
   2612  2566   1.22066e+07   107                 1.21857e+07  2040578         
   2615  2569   1.22415e+07   207                 1.21857e+07  2047466         
   2617  2571   1.22627e+07   208                 1.21857e+07  2054443         
   2625  2579   1.22927e+07   185                 1.21857e+07  2065301         
   2629  2583   1.21869e+07    99                 1.21857e+07  2076058         
   2634  2588   1.21899e+07   120                 1.21857e+07  2088366         
   2640  2594   1.21869e+07   114                 1.21857e+07  2095812         
Elapsed time = 979.59 sec. (1144680.41 ticks, tree = 910.46 MB, solutions = 0)
   2649  2603   1.21869e+07   117                 1.21857e+07  2102820         
   2653  2607   1.22205e+07   200                 1.21857e+07  2111532         
   2667  2621   1.21870e+07   116                 1.21857e+07  2117965         
   2672  2626   1.22416e+07   264                 1.21857e+07  2128612         
   2693  2647   1.22205e+07   179                 1.21857e+07  2140119         
   2697  2651   1.21870e+07   133                 1.21857e+07  2146888         
   2718  2672   1.21869e+07    95                 1.21857e+07  2153365         
   2723  2677   1.21948e+07   160                 1.21857e+07  2161990         
   2729  2683   1.21869e+07   101                 1.21857e+07  2169553         
   2749  2703   1.21869e+07    77                 1.21857e+07  2176082         
Elapsed time = 1018.74 sec. (1192922.15 ticks, tree = 944.81 MB, solutions = 0)
   2757  2711   1.22311e+07   129                 1.21857e+07  2186625         
   2766  2720   1.22316e+07   166                 1.21857e+07  2206191         
   2769  2723   1.22123e+07   133                 1.21857e+07  2212732         
   2781  2735   1.22249e+07   154                 1.21857e+07  2223032         
   2792  2746   1.22132e+07   114                 1.21857e+07  2241629         
   2802  2756   1.21880e+07   142                 1.21857e+07  2252112         
   2807  2761   1.21869e+07    99                 1.21857e+07  2258994         
   2814  2768   1.22199e+07   181                 1.21857e+07  2271883         
   2835  2789   1.24561e+07   176                 1.21857e+07  2283836         
   2842  2796   1.21869e+07    64                 1.21857e+07  2290674         
Elapsed time = 1059.66 sec. (1252051.28 ticks, tree = 969.61 MB, solutions = 0)
   2849  2803   1.25110e+07   145                 1.21857e+07  2304603         
   2857  2811   1.23171e+07   157                 1.21857e+07  2317048         
   2863  2817   1.21869e+07    86                 1.21857e+07  2322931         
   2869  2823   1.22971e+07   190                 1.21857e+07  2331128         
   2871  2825   1.24745e+07   238                 1.21857e+07  2338931         
   2873  2827   1.23428e+07   171                 1.21857e+07  2347583         
   2879  2833   1.22110e+07   172                 1.21857e+07  2354715         
   2888  2842   1.22042e+07   142                 1.21857e+07  2362427         
   2893  2847   1.21869e+07    60                 1.21857e+07  2374003         
   2900  2854   1.21870e+07    54                 1.21857e+07  2381076         
Elapsed time = 1094.11 sec. (1300713.82 ticks, tree = 990.41 MB, solutions = 0)
   2903  2857   1.21885e+07   124                 1.21857e+07  2391122         
   2911  2865   1.21870e+07    68                 1.21857e+07  2399645         
   2926  2880   1.21872e+07    73                 1.21857e+07  2406337         
   2931  2885   1.21870e+07    65                 1.21857e+07  2415439         
   2943  2897   1.21870e+07    77                 1.21857e+07  2424365         
   2948  2902   1.22152e+07   160                 1.21857e+07  2433016         
   2961  2915   1.21870e+07    51                 1.21857e+07  2438598         
   2971  2925   1.21870e+07    48                 1.21857e+07  2445258         
   2981  2935   1.21870e+07    93                 1.21857e+07  2453446         
   2982  2936   1.25927e+07   173                 1.21857e+07  2462264         
Elapsed time = 1127.61 sec. (1348304.17 ticks, tree = 1021.38 MB, solutions = 0)
   3000  2954   1.21871e+07    65                 1.21857e+07  2468652         
   3012  2966   1.22708e+07    97                 1.21857e+07  2479312         
   3016  2970   1.21878e+07   137                 1.21857e+07  2488581         
   3017  2971   1.24780e+07   206                 1.21857e+07  2498077         
   3029  2983   1.21885e+07   159                 1.21857e+07  2505465         
   3033  2987   1.22767e+07   167                 1.21857e+07  2515643         
   3037  2991   1.21899e+07   142                 1.21857e+07  2523217         
   3040  2994   1.21910e+07    68                 1.21857e+07  2530398         
   3045  2999   1.21910e+07    57                 1.21857e+07  2536463         
   3048  3002   1.21910e+07    55                 1.21857e+07  2543583         
Elapsed time = 1161.84 sec. (1393043.97 ticks, tree = 1046.30 MB, solutions = 0)
   3052  3006   1.21911e+07   109                 1.21857e+07  2555810         
   3055  3009   1.21910e+07    97                 1.21857e+07  2562973         
   3064  3018   1.22861e+07   159                 1.21857e+07  2585070         
   3068  3022   1.22771e+07   213                 1.21857e+07  2597396         
   3073  3027   1.21910e+07    49                 1.21857e+07  2605147         
   3075  3029   1.21910e+07   108                 1.21857e+07  2620878         
   3076  3030   1.23196e+07   116                 1.21857e+07  2631602         
   3087  3039   1.21911e+07    70                 1.21857e+07  2642550         
   3089  3041   1.21912e+07    82                 1.21857e+07  2648033         
   3093  3045   1.23796e+07   159                 1.21857e+07  2658683         
Elapsed time = 1205.77 sec. (1453180.02 ticks, tree = 1058.25 MB, solutions = 0)
   3107  3059   1.22796e+07   171                 1.21857e+07  2671475         
   3108  3060   1.23113e+07   127                 1.21857e+07  2681237         
   3115  3067   1.24239e+07   118                 1.21857e+07  2688291         
   3127  3079   1.24024e+07   136                 1.21857e+07  2696051         
   3139  3091   1.25646e+07   278                 1.21857e+07  2715396         
   3184  3136   1.23870e+07   146                 1.21857e+07  2722325         
   3185  3137   1.27972e+07   263                 1.21857e+07  2739612         
   3193  3145   1.24311e+07   131                 1.21857e+07  2747173         
   3210  3162   1.24371e+07   116                 1.21857e+07  2753088         
   3216  3168   1.24498e+07   103                 1.21857e+07  2759084         
Elapsed time = 1251.75 sec. (1513122.47 ticks, tree = 1105.10 MB, solutions = 0)
   3220  3172   1.25125e+07   167                 1.21857e+07  2767889         
   3231  3181   1.25264e+07   117                 1.21857e+07  2780948         
   3239  3189   1.25271e+07   113                 1.21857e+07  2795195         
   3242  3192   1.25279e+07   128                 1.21857e+07  2804059         
   3255  3205   1.25284e+07   118                 1.21857e+07  2815434         
   3266  3216   1.25296e+07   118                 1.21857e+07  2827962         
   3275  3217   1.21857e+07   388                 1.21857e+07  2844070         
   3297  3239   1.22231e+07   430                 1.21857e+07  2854839         
   3307  3249   1.23638e+07   399                 1.21857e+07  2861894         
   3332  3274   1.21921e+07   352                 1.21857e+07  2870531         
Elapsed time = 1286.20 sec. (1558057.05 ticks, tree = 1129.45 MB, solutions = 0)
   3348  3290   1.22803e+07   426                 1.21857e+07  2881744         
   3376  3318   1.22883e+07   424                 1.21857e+07  2892299         
   3406  3346   1.23041e+07   428                 1.21857e+07  2904857         
   3438  3378   1.22451e+07   359                 1.21857e+07  2913164         

Performing restart 1

Repeating presolve.
Tried aggregator 1 time.
MIP Presolve eliminated 54 rows and 135 columns.
MIP Presolve modified 10696 coefficients.
Reduced MIP has 45910 rows, 42915 columns, and 227017 nonzeros.
Reduced MIP has 35019 binaries, 206 generals, 0 SOSs, and 0 indicators.
Presolve time = 0.08 sec. (106.15 ticks)
Tried aggregator 1 time.
MIP Presolve eliminated 148 rows and 12 columns.
MIP Presolve modified 16344 coefficients.
Reduced MIP has 45762 rows, 42903 columns, and 226673 nonzeros.
Reduced MIP has 35007 binaries, 206 generals, 0 SOSs, and 0 indicators.
Presolve time = 0.16 sec. (132.24 ticks)
Represolve time = 1.08 sec. (615.33 ticks)
   3451     0   1.21857e+07   181                    Cuts: 33  2974358         
   3451     0   1.21857e+07   267                   Cuts: 997  2975094         
   3451     0   1.21857e+07   166                   Cuts: 142  2975636         
   3451     0   1.21857e+07   238                   Cuts: 724  2976924         
   3451     0   1.21857e+07   322                   Cuts: 917  2978417         
   3451     0   1.21857e+07   230                   Cuts: 144  2979442         
   3451     0   1.21857e+07   371                  Cuts: 1061  2980512         
   3451     0   1.21857e+07   227                    Cuts: 94  2981513         
   3451     0   1.21857e+07   368                   Cuts: 928  2983305         
   3451     2   1.21857e+07   368                 1.21857e+07  2983305         
   3453     4   1.21857e+07   468                 1.21857e+07  2986792         
   3454     5   1.21857e+07   476                 1.21857e+07  2991999         
   3456     7   1.21857e+07   512                 1.21857e+07  2996394         
   3459    10   1.21857e+07   414                 1.21857e+07  2999317         
   3462    13   1.21857e+07   418                 1.21857e+07  2999963         
Elapsed time = 1604.66 sec. (1727731.16 ticks, tree = 2.30 MB, solutions = 0)
   3467    18   1.21857e+07   400                 1.21857e+07  3000663         
   3473    24   1.21857e+07   414                 1.21857e+07  3001520         
   3480    31   1.21857e+07   412                 1.21857e+07  3002013         
   3486    37   1.21857e+07   408                 1.21857e+07  3002337         
   3491    42   1.21857e+07   415                 1.21857e+07  3002728         
   3499    50   1.21857e+07   410                 1.21857e+07  3002832         
   3501    52   1.21857e+07   407                 1.21857e+07  3002874         
   3508    59   1.21857e+07   398                 1.21857e+07  3003115         
   3516    67   1.21857e+07   390                 1.21857e+07  3003734         
   3524    75   1.21857e+07   377                 1.21857e+07  3004005         
Elapsed time = 1720.08 sec. (1768801.89 ticks, tree = 25.16 MB, solutions = 0)
   3535    86   1.21857e+07   356                 1.21857e+07  3004439         
   3548    99   1.21857e+07   365                 1.21857e+07  3005210         
   3551   102   1.21857e+07   353                 1.21857e+07  3005303         
   3563   114   1.21857e+07   327                 1.21857e+07  3006061         
   3575   126   1.21857e+07   276                 1.21857e+07  3006796         
   3591   140   1.21864e+07   259                 1.21857e+07  3009727         
   3597   146   1.22198e+07   263                 1.21857e+07  3013486         
   3607   154   1.21864e+07   250                 1.21857e+07  3015809         
   3624   171   1.21865e+07   252                 1.21857e+07  3017176         
   3635   182   1.22495e+07   283                 1.21857e+07  3021432         
Elapsed time = 1807.69 sec. (1812489.33 ticks, tree = 64.44 MB, solutions = 0)
   3646   193   1.21865e+07   246                 1.21857e+07  3024681         
   3658   205   1.21865e+07   268                 1.21857e+07  3027061         
   3670   217   1.21865e+07   242                 1.21857e+07  3029465         
   3683   230   1.22916e+07   292                 1.21857e+07  3034308         
   3688   235   1.22289e+07   298                 1.21857e+07  3041670         
   3691   238   1.21865e+07   238                 1.21857e+07  3042772         
   3693   240   1.21865e+07   233                 1.21857e+07  3048069         
   3695   242   1.21865e+07   248                 1.21857e+07  3052802         
   3698   245   1.21865e+07   253                 1.21857e+07  3056753         
   3706   253   1.22444e+07   316                 1.21857e+07  3070240         
Elapsed time = 1915.06 sec. (1859453.18 ticks, tree = 90.78 MB, solutions = 0)
   3718   265   1.23228e+07   297                 1.21857e+07  3074849         
   3724   271   1.21865e+07   239                 1.21857e+07  3077576         
   3732   279   1.21865e+07   238                 1.21857e+07  3079789         
   3746   293   1.22557e+07   269                 1.21857e+07  3083054         
   3756   303   1.23678e+07   276                 1.21857e+07  3088004         
   3761   308   1.22569e+07   265                 1.21857e+07  3093348         
   3765   312   1.21867e+07   281                 1.21857e+07  3101030         
   3776   323   1.21867e+07   270                 1.21857e+07  3101672         
   3781   328   1.21867e+07   271                 1.21857e+07  3105589         
   3789   336   1.21867e+07   252                 1.21857e+07  3109663         
Elapsed time = 2001.02 sec. (1904048.76 ticks, tree = 120.21 MB, solutions = 0)
   3792   339   1.22793e+07   289                 1.21857e+07  3113547         
   3802   349   1.21936e+07   258                 1.21857e+07  3117264         
   3811   358   1.21867e+07   238                 1.21857e+07  3119127         
   3826   373   1.21867e+07   231                 1.21857e+07  3121060         
   3836   383   1.22119e+07   262                 1.21857e+07  3124455         
   3845   392   1.22445e+07   265                 1.21857e+07  3129060         
   3851   398   1.21867e+07   247                 1.21857e+07  3132748         
   3857   404   1.21867e+07   245                 1.21857e+07  3137273         
   3865   412   1.21867e+07   259                 1.21857e+07  3140536         
   3871   418   1.22752e+07   298                 1.21857e+07  3148347         
Elapsed time = 2113.86 sec. (1952042.98 ticks, tree = 150.27 MB, solutions = 0)
   3875   422   1.22656e+07   350                 1.21857e+07  3159186         
   3878   425   1.21867e+07   263                 1.21857e+07  3163600         
   3887   434   1.23413e+07   301                 1.21857e+07  3170858         
   3891   438   1.22623e+07   298                 1.21857e+07  3175881         
   3897   444   1.22597e+07   307                 1.21857e+07  3183078         
   3909   456   1.22914e+07   292                 1.21857e+07  3187610         
   3918   465   1.22411e+07   318                 1.21857e+07  3195516         
   3926   473   1.21867e+07   258                 1.21857e+07  3205205         
   3931   478   1.21867e+07   260                 1.21857e+07  3209307         
   3937   484   1.21867e+07   261                 1.21857e+07  3214281         
Elapsed time = 2242.70 sec. (2002575.63 ticks, tree = 173.01 MB, solutions = 0)
   3954   501   1.21867e+07   249                 1.21857e+07  3217923         
   3960   507   1.21921e+07   285                 1.21857e+07  3222577         
   3971   518   1.23114e+07   279                 1.21857e+07  3228118         
   3983   530   1.22308e+07   272                 1.21857e+07  3235074         
   3993   540   1.21867e+07   249                 1.21857e+07  3238684         
   4004   551   1.22559e+07   282                 1.21857e+07  3246812         
   4011   558   1.22659e+07   273                 1.21857e+07  3252105         
   4018   565   1.21867e+07   241                 1.21857e+07  3256113         
   4025   572   1.21919e+07   272                 1.21857e+07  3263907         
   4029   576   1.22312e+07   287                 1.21857e+07  3270547         
Elapsed time = 2371.47 sec. (2056416.20 ticks, tree = 207.18 MB, solutions = 0)
   4037   584   1.21867e+07   227                 1.21857e+07  3274370         
   4043   590   1.23252e+07   276                 1.21857e+07  3280947         
   4055   602   1.21913e+07   224                 1.21857e+07  3287650         
   4063   610   1.23369e+07   309                 1.21857e+07  3302815         
   4067   614   1.21867e+07   231                 1.21857e+07  3308801         
   4079   626   1.21867e+07   219                 1.21857e+07  3314294         
   4084   631   1.22400e+07   258                 1.21857e+07  3325358         
   4091   638   1.21867e+07   216                 1.21857e+07  3329793         
   4100   647   1.21867e+07   217                 1.21857e+07  3334897         
   4103   650   1.22383e+07   295                 1.21857e+07  3346992         
Elapsed time = 2477.61 sec. (2106590.24 ticks, tree = 225.19 MB, solutions = 0)
   4107   654   1.21867e+07   238                 1.21857e+07  3354232         
   4116   663   1.21867e+07   255                 1.21857e+07  3356495         
   4129   676   1.21867e+07   239                 1.21857e+07  3357625         
   4136   683   1.22273e+07   232                 1.21857e+07  3362976         
   4145   692   1.22222e+07   232                 1.21857e+07  3369363         
   4151   698   1.24324e+07   255                 1.21857e+07  3375134         
   4160   707   1.21867e+07   207                 1.21857e+07  3376706         
   4168   715   1.21893e+07   234                 1.21857e+07  3382853         
   4179   726   1.21959e+07   221                 1.21857e+07  3388299         
   4185   732   1.21867e+07   207                 1.21857e+07  3392867         
Elapsed time = 2556.05 sec. (2151291.86 ticks, tree = 253.18 MB, solutions = 0)
   4208   755   1.21880e+07   225                 1.21857e+07  3396099         
   4223   770   1.21880e+07   239                 1.21857e+07  3398866         
   4248   794   1.21989e+07   236                 1.21857e+07  3403160         
   4270   816   1.22037e+07   221                 1.21857e+07  3406672         
   4301   847   1.21997e+07   275                 1.21857e+07  3409538         
   4326   872   1.22037e+07   291                 1.21857e+07  3413347         
   4331   875   1.23402e+07   273                 1.21857e+07  3418553         
   4353   884   1.21865e+07   263                 1.21857e+07  3419637         
   4394   925   1.21865e+07   266                 1.21857e+07  3420991         
   4411   942   1.21865e+07   266                 1.21857e+07  3421125         
Elapsed time = 2588.28 sec. (2192656.33 ticks, tree = 331.57 MB, solutions = 0)
